<?xml version="1.0" encoding="UTF-8"?><testsuite errors="0" failures="1" name="Start sesion on the EUNO platform." skipped="0" tests="1" time="51.71" timestamp="2020-05-08 12:00:23"><testcase name="wrong email and password"><failure message="Expected enabled element was not enabled" type="net.thucydides.core.webdriver.exceptions.ElementShouldBeEnabledException">Expected enabled element was not enabled</failure><system-err>Expected enabled element was not enabled&#13;
co.com.pruebadoctus.interactions.StartSesion.performAs(StartSesion.java:23)&#13;
co.com.pruebadoctus.stepdefinitions.InicioSesionStepDefinitions.startSesionWithEmailPass(InicioSesionStepDefinitions.java:38)&#13;
cucumber.runner.Runner.runPickle(Runner.java:80)&#13;
</system-err></testcase></testsuite>