<?xml version="1.0" encoding="UTF-8"?><testsuite errors="1" failures="0" name="Start sesion on the EUNO platform." skipped="0" tests="1" time="2.32" timestamp="2020-05-08 12:37:46"><testcase name="wrong email and password"><error message="Could not instantiate class org.openqa.selenium.chrome.ChromeDriver" type="net.thucydides.core.webdriver.UnsupportedDriverException">Could not instantiate class org.openqa.selenium.chrome.ChromeDriver</error><system-err>Could not instantiate class org.openqa.selenium.chrome.ChromeDriver&#13;
co.com.pruebadoctus.tasks.OpenTheBrowser.performAs(OpenTheBrowser.java:13)&#13;
co.com.pruebadoctus.stepdefinitions.InicioSesionStepDefinitions.thatDamianIsOnThePageEuno(InicioSesionStepDefinitions.java:33)&#13;
cucumber.runner.Runner.runPickle(Runner.java:80)&#13;
</system-err></testcase></testsuite>